#
# A fatal error has been detected by the Java Runtime Environment:
#
#  EXCEPTION_ACCESS_VIOLATION (0xc0000005) at pc=0x617493cd, pid=2600, tid=0x000006c8
#
# JRE version: Java(TM) SE Runtime Environment (8.0_92-b14) (build 1.8.0_92-b14)
# Java VM: Java HotSpot(TM) Client VM (25.92-b14 mixed mode windows-x86 )
# Problematic frame:
# C  [listSerialsj.dll+0x93cd]
#
# Failed to write core dump. Minidumps are not enabled by default on client versions of Windows
#
# If you would like to submit a bug report, please visit:
#   http://bugreport.java.com/bugreport/crash.jsp
# The crash happened outside the Java Virtual Machine in native code.
# See problematic frame for where to report the bug.
#

---------------  T H R E A D  ---------------

Current thread (0x27b97400):  JavaThread "cc.arduino.packages.discoverers.serial.SerialBoardsLister" [_thread_in_native, id=1736, stack(0x268e0000,0x26930000)]

siginfo: ExceptionCode=0xc0000005, writing address 0x00000000

Registers:
EAX=0x00000000, EBX=0x00000ac4, ECX=0x00000000, EDX=0x00000001
ESP=0x2692ea70, EBP=0x2692eec8, ESI=0x00000001, EDI=0x012fd128
EIP=0x617493cd, EFLAGS=0x00010246

Top of Stack: (sp=0x2692ea70)
0x2692ea70:   0169c948 0000002e 00000002 00000000
0x2692ea80:   00000003 00000000 00000000 00000000
0x2692ea90:   2692f0f8 69cad8e6 0000006c 766ba540
0x2692eaa0:   0169bf60 0092ead4 012fdc08 00000082
0x2692eab0:   2692eac0 00000001 0000000e 00000002
0x2692eac0:   00000001 0000006c 00000053 0000008c
0x2692ead0:   008cec0c 00000000 344d4f43 0092eb00
0x2692eae0:   00425355 2692ebf4 2692f110 2692f114 

Instructions: (pc=0x617493cd)
0x617493ad:   8b 45 08 8b 90 94 00 00 00 85 d2 74 16 8b 40 2c
0x617493bd:   c7 44 24 04 2e 00 00 00 89 04 24 e8 73 14 00 00
0x617493cd:   c6 00 00 8d 85 04 fc ff ff 89 44 24 18 8d 85 0a
0x617493dd:   fc ff ff 89 44 24 10 a1 e4 01 75 61 c7 85 04 fc 


Register to memory mapping:

EAX=0x00000000 is an unknown value
EBX=0x00000ac4 is an unknown value
ECX=0x00000000 is an unknown value
EDX=0x00000001 is an unknown value
ESP=0x2692ea70 is pointing into the stack for thread: 0x27b97400
EBP=0x2692eec8 is pointing into the stack for thread: 0x27b97400
ESI=0x00000001 is an unknown value
EDI=0x012fd128 is an unknown value


Stack: [0x268e0000,0x26930000],  sp=0x2692ea70,  free space=314k
Native frames: (J=compiled Java code, j=interpreted, Vv=VM code, C=native code)
C  [listSerialsj.dll+0x93cd]
C  [listSerialsj.dll+0x2211]

Java frames: (J=compiled Java code, j=interpreted, Vv=VM code)
J 1905  processing.app.Platform.listSerialsNative()[Ljava/lang/String; (0 bytes) @ 0x0355e88f [0x0355e850+0x3f]
J 1902 C1 cc.arduino.packages.discoverers.serial.SerialBoardsLister.retriggerDiscovery(Z)V (751 bytes) @ 0x0355aaa4 [0x0355a950+0x154]
J 1903 C1 cc.arduino.packages.discoverers.serial.SerialBoardsLister.run()V (13 bytes) @ 0x0355e414 [0x0355e3d0+0x44]
J 1887% C1 java.util.TimerThread.mainLoop()V (232 bytes) @ 0x035562d4 [0x03555ea0+0x434]
j  java.util.TimerThread.run()V+1
v  ~StubRoutines::call_stub

---------------  P R O C E S S  ---------------

Java Threads: ( => current thread )
  0x27fb8400 JavaThread "DestroyJavaVM" [_thread_blocked, id=6656, stack(0x02f20000,0x02f70000)]
  0x263acc00 JavaThread "TimerQueue" daemon [_thread_blocked, id=10068, stack(0x29010000,0x29060000)]
  0x263ab800 JavaThread "AWT-EventQueue-0" [_thread_blocked, id=9384, stack(0x29330000,0x29380000)]
  0x263ab000 JavaThread "AWT-Shutdown" [_thread_blocked, id=6248, stack(0x292a0000,0x292f0000)]
  0x263ac400 JavaThread "Batik CleanerThread" daemon [_thread_blocked, id=9424, stack(0x28f80000,0x28fd0000)]
  0x263ad800 JavaThread "JmDNS(DESKTOP-4FQ689I.local.).Timer" daemon [_thread_blocked, id=2248, stack(0x28ca0000,0x28cf0000)]
  0x263aec00 JavaThread "JmDNS(DESKTOP-4FQ689I.local.).State.Timer" [_thread_blocked, id=208, stack(0x28c10000,0x28c60000)]
  0x263ae400 JavaThread "JmDNS(DESKTOP-4FQ689I.local.).Timer" daemon [_thread_blocked, id=9472, stack(0x28b80000,0x28bd0000)]
  0x263ac000 JavaThread "SocketListener(DESKTOP-4FQ689I.local.)" daemon [_thread_in_native, id=10448, stack(0x28af0000,0x28b40000)]
  0x27c38c00 JavaThread "JmDNS(DESKTOP-4FQ689I.local.).Timer" daemon [_thread_blocked, id=8468, stack(0x28a60000,0x28ab0000)]
  0x27c38800 JavaThread "JmDNS(DESKTOP-4FQ689I.local.).State.Timer" [_thread_blocked, id=11248, stack(0x289d0000,0x28a20000)]
  0x27c38000 JavaThread "JmDNS(DESKTOP-4FQ689I.local.).Timer" daemon [_thread_blocked, id=10512, stack(0x28940000,0x28990000)]
  0x27c37c00 JavaThread "SocketListener(DESKTOP-4FQ689I.local.)" daemon [_thread_in_native, id=11072, stack(0x288b0000,0x28900000)]
  0x27b98800 JavaThread "cc.arduino.packages.discoverers.network.BoardReachabilityFilter" [_thread_blocked, id=528, stack(0x285d0000,0x28620000)]
  0x27b98000 JavaThread "cc.arduino.packages.discoverers.network.NetworkChecker" [_thread_blocked, id=8256, stack(0x28540000,0x28590000)]
=>0x27b97400 JavaThread "cc.arduino.packages.discoverers.serial.SerialBoardsLister" [_thread_in_native, id=1736, stack(0x268e0000,0x26930000)]
  0x2642c800 JavaThread "AWT-Windows" daemon [_thread_in_native, id=10372, stack(0x26970000,0x269c0000)]
  0x26427000 JavaThread "Java2D Disposer" daemon [_thread_blocked, id=9220, stack(0x26850000,0x268a0000)]
  0x25c37800 JavaThread "Service Thread" daemon [_thread_blocked, id=8736, stack(0x26200000,0x26250000)]
  0x25c3bc00 JavaThread "C1 CompilerThread0" daemon [_thread_blocked, id=9912, stack(0x26170000,0x261c0000)]
  0x25c3a400 JavaThread "Attach Listener" daemon [_thread_blocked, id=2052, stack(0x260e0000,0x26130000)]
  0x25c38400 JavaThread "Signal Dispatcher" daemon [_thread_blocked, id=10380, stack(0x26050000,0x260a0000)]
  0x25c1b000 JavaThread "Finalizer" daemon [_thread_blocked, id=10156, stack(0x25ed0000,0x25f20000)]
  0x25c05400 JavaThread "Reference Handler" daemon [_thread_blocked, id=9960, stack(0x25e40000,0x25e90000)]

Other Threads:
  0x02e1e000 VMThread [stack: 0x25bb0000,0x25c00000] [id=6512]
  0x25c34400 WatcherThread [stack: 0x26290000,0x262e0000] [id=8928]

VM state:not at safepoint (normal execution)

VM Mutex/Monitor currently owned by a thread: None

Heap:
 def new generation   total 39424K, used 4855K [0x05600000, 0x080c0000, 0x100a0000)
  eden space 35072K,   9% used [0x05600000, 0x05936480, 0x07840000)
  from space 4352K,  35% used [0x07c80000, 0x07e07a08, 0x080c0000)
  to   space 4352K,   0% used [0x07840000, 0x07840000, 0x07c80000)
 tenured generation   total 87424K, used 25602K [0x100a0000, 0x15600000, 0x25600000)
   the space 87424K,  29% used [0x100a0000, 0x119a0a30, 0x119a0c00, 0x15600000)
 Metaspace       used 19684K, capacity 20245K, committed 20352K, reserved 20864K

Card table byte_map: [0x25600000,0x25710000] byte_map_base: 0x255d5000

Polling page: 0x02d10000

CodeCache: size=32768Kb used=2871Kb max_used=3747Kb free=29896Kb
 bounds [0x03210000, 0x035c0000, 0x05210000]
 total_blobs=1708 nmethods=1433 adapters=205
 compilation: enabled

Compilation events (10 events):
Event: 6402.968 Thread 0x25c3bc00 2234   !         cc.arduino.packages.discoverers.NetworkDiscovery::getBoardPortsDiscoveredWithJmDNS (26 bytes)
Event: 6402.969 Thread 0x25c3bc00 nmethod 2234 0x03370e88 code [0x03370f90, 0x033711ec]
Event: 6402.970 Thread 0x25c3bc00 2235   !         cc.arduino.packages.discoverers.NetworkDiscovery::setReachableBoardPorts (38 bytes)
Event: 6402.970 Thread 0x25c3bc00 nmethod 2235 0x033b2ec8 code [0x033b2fe0, 0x033b3218]
Event: 6445.533 Thread 0x25c3bc00 2236             javax.jmdns.impl.constants.DNSLabel::labelForByte (50 bytes)
Event: 6445.534 Thread 0x25c3bc00 nmethod 2236 0x033b2b88 code [0x033b2ca0, 0x033b2dac]
Event: 6528.991 Thread 0x25c3bc00 2237   !         cc.arduino.packages.discoverers.network.BoardReachabilityFilter::run (175 bytes)
Event: 6528.995 Thread 0x25c3bc00 nmethod 2237 0x032defc8 code [0x032df250, 0x032dfbac]
Event: 6640.556 Thread 0x25c3bc00 2238             java.util.stream.ForEachOps$ForEachOp$OfRef::evaluateSequential (7 bytes)
Event: 6640.557 Thread 0x25c3bc00 nmethod 2238 0x033e7348 code [0x033e7450, 0x033e752c]

GC Heap History (10 events):
Event: 22.706 GC heap before
{Heap before GC invocations=3 (full 1):
 def new generation   total 39424K, used 35072K [0x05600000, 0x080c0000, 0x100a0000)
  eden space 35072K, 100% used [0x05600000, 0x07840000, 0x07840000)
  from space 4352K,   0% used [0x07840000, 0x07840000, 0x07c80000)
  to   space 4352K,   0% used [0x07c80000, 0x07c80000, 0x080c0000)
 tenured generation   total 87424K, used 14244K [0x100a0000, 0x15600000, 0x25600000)
   the space 87424K,  16% used [0x100a0000, 0x10e892d0, 0x10e89400, 0x15600000)
 Metaspace       used 16649K, capacity 17121K, committed 17280K, reserved 17792K
Event: 22.730 GC heap after
Heap after GC invocations=4 (full 1):
 def new generation   total 39424K, used 4352K [0x05600000, 0x080c0000, 0x100a0000)
  eden space 35072K,   0% used [0x05600000, 0x05600000, 0x07840000)
  from space 4352K, 100% used [0x07c80000, 0x080c0000, 0x080c0000)
  to   space 4352K,   0% used [0x07840000, 0x07840000, 0x07c80000)
 tenured generation   total 87424K, used 15918K [0x100a0000, 0x15600000, 0x25600000)
   the space 87424K,  18% used [0x100a0000, 0x1102ba80, 0x1102bc00, 0x15600000)
 Metaspace       used 16649K, capacity 17121K, committed 17280K, reserved 17792K
}
Event: 86.242 GC heap before
{Heap before GC invocations=4 (full 1):
 def new generation   total 39424K, used 39424K [0x05600000, 0x080c0000, 0x100a0000)
  eden space 35072K, 100% used [0x05600000, 0x07840000, 0x07840000)
  from space 4352K, 100% used [0x07c80000, 0x080c0000, 0x080c0000)
  to   space 4352K,   0% used [0x07840000, 0x07840000, 0x07c80000)
 tenured generation   total 87424K, used 15918K [0x100a0000, 0x15600000, 0x25600000)
   the space 87424K,  18% used [0x100a0000, 0x1102ba80, 0x1102bc00, 0x15600000)
 Metaspace       used 19001K, capacity 19565K, committed 19712K, reserved 19840K
Event: 86.276 GC heap after
Heap after GC invocations=5 (full 1):
 def new generation   total 39424K, used 4352K [0x05600000, 0x080c0000, 0x100a0000)
  eden space 35072K,   0% used [0x05600000, 0x05600000, 0x07840000)
  from space 4352K, 100% used [0x07840000, 0x07c80000, 0x07c80000)
  to   space 4352K,   0% used [0x07c80000, 0x07c80000, 0x080c0000)
 tenured generation   total 87424K, used 21324K [0x100a0000, 0x15600000, 0x25600000)
   the space 87424K,  24% used [0x100a0000, 0x115730c0, 0x11573200, 0x15600000)
 Metaspace       used 19001K, capacity 19565K, committed 19712K, reserved 19840K
}
Event: 2044.395 GC heap before
{Heap before GC invocations=5 (full 1):
 def new generation   total 39424K, used 39424K [0x05600000, 0x080c0000, 0x100a0000)
  eden space 35072K, 100% used [0x05600000, 0x07840000, 0x07840000)
  from space 4352K, 100% used [0x07840000, 0x07c80000, 0x07c80000)
  to   space 4352K,   0% used [0x07c80000, 0x07c80000, 0x080c0000)
 tenured generation   total 87424K, used 21324K [0x100a0000, 0x15600000, 0x25600000)
   the space 87424K,  24% used [0x100a0000, 0x115730c0, 0x11573200, 0x15600000)
 Metaspace       used 19486K, capacity 20048K, committed 20096K, reserved 20864K
Event: 2044.477 GC heap after
Heap after GC invocations=6 (full 1):
 def new generation   total 39424K, used 1493K [0x05600000, 0x080c0000, 0x100a0000)
  eden space 35072K,   0% used [0x05600000, 0x05600000, 0x07840000)
  from space 4352K,  34% used [0x07c80000, 0x07df5540, 0x080c0000)
  to   space 4352K,   0% used [0x07840000, 0x07840000, 0x07c80000)
 tenured generation   total 87424K, used 25602K [0x100a0000, 0x15600000, 0x25600000)
   the space 87424K,  29% used [0x100a0000, 0x119a0a30, 0x119a0c00, 0x15600000)
 Metaspace       used 19486K, capacity 20048K, committed 20096K, reserved 20864K
}
Event: 4144.496 GC heap before
{Heap before GC invocations=6 (full 1):
 def new generation   total 39424K, used 36565K [0x05600000, 0x080c0000, 0x100a0000)
  eden space 35072K, 100% used [0x05600000, 0x07840000, 0x07840000)
  from space 4352K,  34% used [0x07c80000, 0x07df5540, 0x080c0000)
  to   space 4352K,   0% used [0x07840000, 0x07840000, 0x07c80000)
 tenured generation   total 87424K, used 25602K [0x100a0000, 0x15600000, 0x25600000)
   the space 87424K,  29% used [0x100a0000, 0x119a0a30, 0x119a0c00, 0x15600000)
 Metaspace       used 19490K, capacity 20048K, committed 20096K, reserved 20864K
Event: 4144.558 GC heap after
Heap after GC invocations=7 (full 1):
 def new generation   total 39424K, used 1372K [0x05600000, 0x080c0000, 0x100a0000)
  eden space 35072K,   0% used [0x05600000, 0x05600000, 0x07840000)
  from space 4352K,  31% used [0x07840000, 0x07997180, 0x07c80000)
  to   space 4352K,   0% used [0x07c80000, 0x07c80000, 0x080c0000)
 tenured generation   total 87424K, used 25602K [0x100a0000, 0x15600000, 0x25600000)
   the space 87424K,  29% used [0x100a0000, 0x119a0a30, 0x119a0c00, 0x15600000)
 Metaspace       used 19490K, capacity 20048K, committed 20096K, reserved 20864K
}
Event: 6481.178 GC heap before
{Heap before GC invocations=7 (full 1):
 def new generation   total 39424K, used 36444K [0x05600000, 0x080c0000, 0x100a0000)
  eden space 35072K, 100% used [0x05600000, 0x07840000, 0x07840000)
  from space 4352K,  31% used [0x07840000, 0x07997180, 0x07c80000)
  to   space 4352K,   0% used [0x07c80000, 0x07c80000, 0x080c0000)
 tenured generation   total 87424K, used 25602K [0x100a0000, 0x15600000, 0x25600000)
   the space 87424K,  29% used [0x100a0000, 0x119a0a30, 0x119a0c00, 0x15600000)
 Metaspace       used 19684K, capacity 20245K, committed 20352K, reserved 20864K
Event: 6481.212 GC heap after
Heap after GC invocations=8 (full 1):
 def new generation   total 39424K, used 1566K [0x05600000, 0x080c0000, 0x100a0000)
  eden space 35072K,   0% used [0x05600000, 0x05600000, 0x07840000)
  from space 4352K,  35% used [0x07c80000, 0x07e07a08, 0x080c0000)
  to   space 4352K,   0% used [0x07840000, 0x07840000, 0x07c80000)
 tenured generation   total 87424K, used 25602K [0x100a0000, 0x15600000, 0x25600000)
   the space 87424K,  29% used [0x100a0000, 0x119a0a30, 0x119a0c00, 0x15600000)
 Metaspace       used 19684K, capacity 20245K, committed 20352K, reserved 20864K
}

Deoptimization events (0 events):
No events

Internal exceptions (10 events):
Event: 86.138 Thread 0x27fb9400 Exception <a 'sun/nio/fs/WindowsException'> (0x07486f10) thrown at [C:\workspace\8-2-build-windows-i586-cygwin\jdk8u92\6642\hotspot\src\share\vm\prims\jni.cpp, line 709]
Event: 86.139 Thread 0x27fb9400 Exception <a 'sun/nio/fs/WindowsException'> (0x07487540) thrown at [C:\workspace\8-2-build-windows-i586-cygwin\jdk8u92\6642\hotspot\src\share\vm\prims\jni.cpp, line 709]
Event: 86.141 Thread 0x27fb9400 Exception <a 'sun/nio/fs/WindowsException'> (0x07491e48) thrown at [C:\workspace\8-2-build-windows-i586-cygwin\jdk8u92\6642\hotspot\src\share\vm\prims\jni.cpp, line 709]
Event: 86.142 Thread 0x27fb9400 Exception <a 'sun/nio/fs/WindowsException'> (0x074924f0) thrown at [C:\workspace\8-2-build-windows-i586-cygwin\jdk8u92\6642\hotspot\src\share\vm\prims\jni.cpp, line 709]
Event: 86.145 Thread 0x27fb9400 Exception <a 'sun/nio/fs/WindowsException'> (0x0749cae0) thrown at [C:\workspace\8-2-build-windows-i586-cygwin\jdk8u92\6642\hotspot\src\share\vm\prims\jni.cpp, line 709]
Event: 86.145 Thread 0x27fb9400 Exception <a 'sun/nio/fs/WindowsException'> (0x0749d110) thrown at [C:\workspace\8-2-build-windows-i586-cygwin\jdk8u92\6642\hotspot\src\share\vm\prims\jni.cpp, line 709]
Event: 86.148 Thread 0x27fb9400 Exception <a 'sun/nio/fs/WindowsException'> (0x074a7450) thrown at [C:\workspace\8-2-build-windows-i586-cygwin\jdk8u92\6642\hotspot\src\share\vm\prims\jni.cpp, line 709]
Event: 86.148 Thread 0x27fb9400 Exception <a 'sun/nio/fs/WindowsException'> (0x074a7a98) thrown at [C:\workspace\8-2-build-windows-i586-cygwin\jdk8u92\6642\hotspot\src\share\vm\prims\jni.cpp, line 709]
Event: 86.151 Thread 0x27fb9400 Exception <a 'sun/nio/fs/WindowsException'> (0x074b2418) thrown at [C:\workspace\8-2-build-windows-i586-cygwin\jdk8u92\6642\hotspot\src\share\vm\prims\jni.cpp, line 709]
Event: 86.151 Thread 0x27fb9400 Exception <a 'sun/nio/fs/WindowsException'> (0x074b29c0) thrown at [C:\workspace\8-2-build-windows-i586-cygwin\jdk8u92\6642\hotspot\src\share\vm\prims\jni.cpp, line 709]

Events (10 events):
Event: 6402.969 Thread 0x25c3bc00 flushing nmethod 0x033e7988
Event: 6402.969 Thread 0x25c3bc00 flushing nmethod 0x033e7b88
Event: 6402.969 Thread 0x25c3bc00 flushing nmethod 0x033e7e88
Event: 6402.969 Thread 0x25c3bc00 flushing nmethod 0x033e8048
Event: 6481.177 Executing VM operation: GenCollectForAllocation
Event: 6481.212 Executing VM operation: GenCollectForAllocation done
Event: 6481.213 Executing VM operation: RevokeBias
Event: 6481.213 Executing VM operation: RevokeBias done
Event: 6528.995 Thread 0x25c3bc00 flushing nmethod 0x033e8288
Event: 6528.995 Thread 0x25c3bc00 flushing nmethod 0x033e9488


Dynamic libraries:
0x00080000 - 0x000b3000 	E:\electronic\Arduino\Arduino 1.6.12\java\bin\javaw.exe
0x779b0000 - 0x77b33000 	C:\WINDOWS\SYSTEM32\ntdll.dll
0x744e0000 - 0x745c0000 	C:\WINDOWS\System32\KERNEL32.DLL
0x773a0000 - 0x77541000 	C:\WINDOWS\System32\KERNELBASE.dll
0x76240000 - 0x762b7000 	C:\WINDOWS\System32\ADVAPI32.dll
0x778f0000 - 0x779ae000 	C:\WINDOWS\System32\msvcrt.dll
0x76640000 - 0x76681000 	C:\WINDOWS\System32\sechost.dll
0x75d90000 - 0x75e51000 	C:\WINDOWS\System32\RPCRT4.dll
0x74470000 - 0x7448e000 	C:\WINDOWS\System32\SspiCli.dll
0x74460000 - 0x7446a000 	C:\WINDOWS\System32\CRYPTBASE.dll
0x75e60000 - 0x75eba000 	C:\WINDOWS\System32\bcryptPrimitives.dll
0x76470000 - 0x765cf000 	C:\WINDOWS\System32\USER32.dll
0x745f0000 - 0x74605000 	C:\WINDOWS\System32\win32u.dll
0x745c0000 - 0x745eb000 	C:\WINDOWS\System32\GDI32.dll
0x746a0000 - 0x747fb000 	C:\WINDOWS\System32\gdi32full.dll
0x70c90000 - 0x70e9a000 	C:\WINDOWS\WinSxS\x86_microsoft.windows.common-controls_6595b64144ccf1df_6.0.14393.447_none_89c64d28dafea4b9\COMCTL32.dll
0x776d0000 - 0x778e1000 	C:\WINDOWS\System32\combase.dll
0x76c10000 - 0x76cf0000 	C:\WINDOWS\System32\ucrtbase.dll
0x76090000 - 0x760b5000 	C:\WINDOWS\System32\IMM32.DLL
0x6a060000 - 0x6a11f000 	E:\electronic\Arduino\Arduino 1.6.12\java\bin\msvcr100.dll
0x69c90000 - 0x6a05b000 	E:\electronic\Arduino\Arduino 1.6.12\java\bin\client\jvm.dll
0x75d80000 - 0x75d86000 	C:\WINDOWS\System32\PSAPI.DLL
0x734a0000 - 0x734a8000 	C:\WINDOWS\SYSTEM32\WSOCK32.dll
0x72f20000 - 0x72f28000 	C:\WINDOWS\SYSTEM32\VERSION.dll
0x734b0000 - 0x734d4000 	C:\WINDOWS\SYSTEM32\WINMM.dll
0x765d0000 - 0x76633000 	C:\WINDOWS\System32\WS2_32.dll
0x02c50000 - 0x02c73000 	C:\WINDOWS\SYSTEM32\WINMMBASE.dll
0x76d90000 - 0x76dc6000 	C:\WINDOWS\System32\cfgmgr32.dll
0x6a940000 - 0x6a971000 	E:\electronic\Arduino\Arduino 1.6.12\java\bin\splashscreen.dll
0x70ef0000 - 0x70f65000 	C:\WINDOWS\system32\uxtheme.dll
0x711a0000 - 0x711ac000 	E:\electronic\Arduino\Arduino 1.6.12\java\bin\verify.dll
0x74810000 - 0x74945000 	C:\WINDOWS\System32\MSCTF.dll
0x762e0000 - 0x76374000 	C:\WINDOWS\System32\OLEAUT32.dll
0x76b30000 - 0x76bab000 	C:\WINDOWS\System32\msvcp_win.dll
0x6cd50000 - 0x6cd71000 	E:\electronic\Arduino\Arduino 1.6.12\java\bin\java.dll
0x69c70000 - 0x69c83000 	E:\electronic\Arduino\Arduino 1.6.12\java\bin\zip.dll
0x77390000 - 0x7739d000 	C:\WINDOWS\System32\kernel.appcore.dll
0x749a0000 - 0x75d79000 	C:\WINDOWS\System32\SHELL32.dll
0x76e20000 - 0x7738e000 	C:\WINDOWS\System32\windows.storage.dll
0x74950000 - 0x74995000 	C:\WINDOWS\System32\powrprof.dll
0x74490000 - 0x744d6000 	C:\WINDOWS\System32\shlwapi.dll
0x76aa0000 - 0x76b28000 	C:\WINDOWS\System32\shcore.dll
0x74800000 - 0x7480f000 	C:\WINDOWS\System32\profapi.dll
0x69b20000 - 0x69c65000 	E:\electronic\Arduino\Arduino 1.6.12\java\bin\awt.dll
0x70b70000 - 0x70c02000 	C:\WINDOWS\SYSTEM32\apphelp.dll
0x70ed0000 - 0x70eef000 	C:\WINDOWS\system32\dwmapi.dll
0x77550000 - 0x7763a000 	C:\WINDOWS\System32\ole32.dll
0x61740000 - 0x6176c000 	E:\electronic\Arduino\Arduino 1.6.12\lib\listSerialsj.dll
0x76690000 - 0x76a9b000 	C:\WINDOWS\System32\SETUPAPI.dll
0x71610000 - 0x71623000 	C:\WINDOWS\SYSTEM32\CRYPTSP.dll
0x715e0000 - 0x7160f000 	C:\WINDOWS\system32\rsaenh.dll
0x72c40000 - 0x72c5b000 	C:\WINDOWS\SYSTEM32\bcrypt.dll
0x73530000 - 0x7354a000 	C:\WINDOWS\SYSTEM32\USERENV.dll
0x69b00000 - 0x69b16000 	E:\electronic\Arduino\Arduino 1.6.12\java\bin\net.dll
0x72150000 - 0x7219e000 	C:\WINDOWS\system32\mswsock.dll
0x71e50000 - 0x71e7f000 	C:\WINDOWS\SYSTEM32\IPHLPAPI.DLL
0x762d0000 - 0x762d7000 	C:\WINDOWS\System32\NSI.dll
0x71d30000 - 0x71d43000 	C:\WINDOWS\SYSTEM32\dhcpcsvc6.DLL
0x71d10000 - 0x71d24000 	C:\WINDOWS\SYSTEM32\dhcpcsvc.DLL
0x70f80000 - 0x70f8f000 	E:\electronic\Arduino\Arduino 1.6.12\java\bin\nio.dll
0x27610000 - 0x2764d000 	C:\Users\User\AppData\Local\Temp\jna-2645995\jna2823628380426125479.dll
0x69ac0000 - 0x69af9000 	E:\electronic\Arduino\Arduino 1.6.12\java\bin\fontmanager.dll
0x69a80000 - 0x69ab2000 	E:\electronic\Arduino\Arduino 1.6.12\java\bin\t2k.dll
0x715b0000 - 0x715d2000 	C:\WINDOWS\SYSTEM32\DEVOBJ.dll
0x76dd0000 - 0x76e14000 	C:\WINDOWS\System32\WINTRUST.dll
0x77660000 - 0x7766e000 	C:\WINDOWS\System32\MSASN1.dll
0x760c0000 - 0x7623d000 	C:\WINDOWS\System32\CRYPT32.dll
0x71e80000 - 0x71efc000 	C:\WINDOWS\SYSTEM32\DNSAPI.dll
0x63560000 - 0x63568000 	E:\electronic\National Instruments\Shared\mDNS Responder\nimdnsNSP.dll
0x63550000 - 0x6355b000 	C:\WINDOWS\SYSTEM32\nimdnsResponder.dll
0x732c0000 - 0x73363000 	C:\WINDOWS\WinSxS\x86_microsoft.vc90.crt_1fc8b3b9a1e18e3b_9.0.30729.9247_none_5090cb78bcba4a35\MSVCR90.dll
0x71da0000 - 0x71da8000 	C:\Windows\System32\rasadhlp.dll
0x71d50000 - 0x71d99000 	C:\WINDOWS\System32\fwpuclnt.dll
0x69a10000 - 0x69a79000 	E:\electronic\Arduino\Arduino 1.6.12\msvcp100.dll
0x69950000 - 0x69a0e000 	E:\electronic\Arduino\Arduino 1.6.12\msvcr100.dll
0x28cf0000 - 0x28d22000 	E:\electronic\Arduino\Arduino 1.6.12\lib\AStylej.dll
0x69920000 - 0x69944000 	E:\electronic\Arduino\Arduino 1.6.12\java\bin\dcpr.dll
0x74610000 - 0x74694000 	C:\WINDOWS\System32\clbcatq.dll
0x711d0000 - 0x7133e000 	C:\WINDOWS\SYSTEM32\WindowsCodecs.dll
0x64000000 - 0x64044000 	C:\WINDOWS\system32\dataexchange.dll
0x63dd0000 - 0x63fff000 	C:\WINDOWS\system32\d3d11.dll
0x63cb0000 - 0x63dc3000 	C:\WINDOWS\system32\dcomp.dll
0x63c20000 - 0x63ca4000 	C:\WINDOWS\system32\dxgi.dll
0x71020000 - 0x71111000 	C:\WINDOWS\system32\twinapi.appcore.dll
0x69900000 - 0x69920000 	E:\electronic\Arduino\Arduino 1.6.12\java\bin\sunec.dll
0x6a930000 - 0x6a939000 	E:\electronic\Arduino\Arduino 1.6.12\java\bin\sunmscapi.dll
0x71f40000 - 0x71f52000 	C:\WINDOWS\system32\napinsp.dll
0x71f20000 - 0x71f36000 	C:\WINDOWS\system32\pnrpnsp.dll
0x71f00000 - 0x71f14000 	C:\WINDOWS\system32\NLAapi.dll
0x71e40000 - 0x71e4c000 	C:\WINDOWS\System32\winrnr.dll
0x71e20000 - 0x71e31000 	C:\WINDOWS\System32\wshbth.dll
0x71f90000 - 0x720d5000 	C:\WINDOWS\SYSTEM32\dbghelp.dll

VM Arguments:
jvm_args: -Dsun.java2d.d3d=false -Djna.nosys=true -DAPP_DIR=E:\electronic\Arduino\Arduino 1.6.12 -Xms128M -Xmx512M 
java_command: processing.app.Base F:\Box Sync\3DPressureSensor\Arduino_Processing\arduino-processing8-shift-register\arduino8-shift-register\arduino8-shift-register.ino
java_class_path (initial): E:\electronic\Arduino\Arduino 1.6.12\lib\apple.jar;E:\electronic\Arduino\Arduino 1.6.12\lib\arduino-core.jar;E:\electronic\Arduino\Arduino 1.6.12\lib\batik-1.8.jar;E:\electronic\Arduino\Arduino 1.6.12\lib\batik-anim-1.8.jar;E:\electronic\Arduino\Arduino 1.6.12\lib\batik-awt-util-1.8.jar;E:\electronic\Arduino\Arduino 1.6.12\lib\batik-bridge-1.8.jar;E:\electronic\Arduino\Arduino 1.6.12\lib\batik-codec-1.8.jar;E:\electronic\Arduino\Arduino 1.6.12\lib\batik-css-1.8.jar;E:\electronic\Arduino\Arduino 1.6.12\lib\batik-dom-1.8.jar;E:\electronic\Arduino\Arduino 1.6.12\lib\batik-ext-1.8.jar;E:\electronic\Arduino\Arduino 1.6.12\lib\batik-gvt-1.8.jar;E:\electronic\Arduino\Arduino 1.6.12\lib\batik-parser-1.8.jar;E:\electronic\Arduino\Arduino 1.6.12\lib\batik-rasterizer-1.8.jar;E:\electronic\Arduino\Arduino 1.6.12\lib\batik-script-1.8.jar;E:\electronic\Arduino\Arduino 1.6.12\lib\batik-squiggle-1.8.jar;E:\electronic\Arduino\Arduino 1.6.12\lib\batik-svg-dom-1.8.jar;E:\electronic\Arduino\Arduino 1.6.12\lib\batik-svgpp-1.8.jar;E:\electronic\Arduino\Arduino 1.6.12\lib\batik-transcoder-1.8.jar;E:\electronic\Arduino\Arduino 1.6.12\lib\batik-util-1.8.jar;E:\electronic\Arduino\Arduino 1.6.12\lib\batik-xml-1.8.jar;E:\electronic\Arduino\Arduino 1.6.12\lib\bcpg-jdk15on-152.jar;E:\electronic\Arduino\Arduino 1.6.12\lib\bcprov-jdk15on-152.jar;E:\electronic\Arduino\Arduino 1.6.12\lib\commons-codec-1.7.jar;E:\electronic\Arduino\Arduino 1.6.12\lib\commons-compress-1.8.jar;E:\electronic\Arduino\Arduino 1.6.12\lib\commons-exec-1.1.jar;E:\electronic\Arduino\Arduino 1.6.12\lib\commons-httpclient-3.1.jar;E:\electronic\Arduino\Arduino 1.6.12\lib\commons-lang3-3.3.2.jar;E:\electronic\Arduino\Arduino 1.6.12\lib\commons-logging-1.0.4.jar;E:\electronic\Arduino\Arduino 1.6.12\lib\commons-net-3.3.jar;E:\electronic\Arduino\Arduino 1.6.12\lib\jackson-annotations-2.6.3.jar;E:\electronic\Arduino\Arduino 1.6.12\lib\jackson-core-2.6.3.jar;E:\electronic\Arduino\Arduino 1.6.12\lib\jackson
Launcher Type: SUN_STANDARD

Environment Variables:
PATH=E:\electronic\python27\;E:\electronic\python27\Scripts;C:\ProgramData\Oracle\Java\javapath;C:\Program Files (x86)\Intel\TXE Components\TCS\;C:\Program Files\Intel\TXE Components\TCS\;C:\WINDOWS\system32;C:\WINDOWS;C:\WINDOWS\System32\Wbem;C:\WINDOWS\System32\WindowsPowerShell\v1.0\;C:\Program Files\Intel\TXE Components\DAL\;C:\Program Files (x86)\Intel\TXE Components\DAL\;C:\Program Files\Intel\TXE Components\IPT\;C:\Program Files (x86)\Intel\TXE Components\IPT\;C:\Program Files\Intel\WiFi\bin\;C:\Program Files\Common Files\Intel\WirelessCommon\;C:\Program Files (x86)\Nordic Semiconductor\nrf5x\bin\;E:\electronic\Android\sdk\platform-tools;E:\electronic\Nordic Semiconductor\nRFgo\nRFgo Studio;C:\Program Files (x86)\IVI Foundation\VISA\WinNT\Bin;C:\Program Files (x86)\GNU Tools ARM Embedded\5.4 2016q3\bin;e:\electronic\fpga\modeltech_pe_edu_10.4a\win32pe_edu;C:\Program Files (x86)\GnuWin32\bin;C:\Users\User\AppData\Local\Microsoft\WindowsApps;C:\Program Files (x86)\Nordic Semiconductor\nrf5x\bin;E:\electronic\Nordic Semiconductor\nRFgo\nRFgo Studio;E:\electronic\Arduino\Arduino 1.6.12\java\bin
USERNAME=User
OS=Windows_NT
PROCESSOR_IDENTIFIER=Intel64 Family 6 Model 76 Stepping 3, GenuineIntel



---------------  S Y S T E M  ---------------

OS: Windows 10.0 , 64 bit Build 14393 (10.0.14393.0)

CPU:total 4 (4 cores per cpu, 1 threads per core) family 6 model 76 stepping 3, cmov, cx8, fxsr, mmx, sse, sse2, sse3, ssse3, sse4.1, sse4.2, popcnt, aes, clmul, erms, 3dnowpref, tsc, tscinvbit

Memory: 4k page, physical 4105376k(916080k free), swap 9348256k(3558552k free)

vm_info: Java HotSpot(TM) Client VM (25.92-b14) for windows-x86 JRE (1.8.0_92-b14), built on Mar 31 2016 21:09:21 by "java_re" with MS VC++ 10.0 (VS2010)

time: Mon Jan 16 21:24:56 2017
elapsed time: 6762 seconds (0d 1h 52m 42s)

